2020-08-18 14:20:09.769 INFO  a.g.spingdemo.SpingDemoApplication - Starting SpingDemoApplication on Arsen with PID 9329 (/home/arsen/IdeaProjects/test_spring/sping-demo/target/classes started by arsen in /home/arsen/IdeaProjects/test_spring/sping-demo)
2020-08-18 14:20:09.771 INFO  a.g.spingdemo.SpingDemoApplication - No active profile set, falling back to default profiles: default
2020-08-18 14:20:11.353 INFO  o.s.d.r.c.RepositoryConfigurationDelegate - Bootstrapping Spring Data JPA repositories in DEFERRED mode.
2020-08-18 14:20:11.606 INFO  o.s.d.r.c.RepositoryConfigurationDelegate - Finished Spring Data repository scanning in 222ms. Found 2 JPA repository interfaces.
2020-08-18 14:20:12.849 INFO  o.s.b.w.e.tomcat.TomcatWebServer - Tomcat initialized with port(s): 8082 (http)
2020-08-18 14:20:12.865 INFO  o.a.coyote.http11.Http11NioProtocol - Initializing ProtocolHandler ["http-nio-8082"]
2020-08-18 14:20:12.866 INFO  o.a.catalina.core.StandardService - Starting service [Tomcat]
2020-08-18 14:20:12.866 INFO  o.a.catalina.core.StandardEngine - Starting Servlet engine: [Apache Tomcat/9.0.35]
2020-08-18 14:20:13.049 INFO  o.a.c.c.C.[Tomcat].[localhost].[/] - Initializing Spring embedded WebApplicationContext
2020-08-18 14:20:13.049 INFO  o.s.web.context.ContextLoader - Root WebApplicationContext: initialization completed in 3249 ms
2020-08-18 14:20:13.479 INFO  o.s.s.c.ThreadPoolTaskExecutor - Initializing ExecutorService 'applicationTaskExecutor'
2020-08-18 14:20:13.628 INFO  o.h.jpa.internal.util.LogHelper - HHH000204: Processing PersistenceUnitInfo [name: default]
2020-08-18 14:20:13.946 INFO  org.hibernate.Version - HHH000412: Hibernate ORM core version 5.4.15.Final
2020-08-18 14:20:14.417 INFO  o.h.annotations.common.Version - HCANN000001: Hibernate Commons Annotations {5.1.0.Final}
2020-08-18 14:20:14.523 WARN  o.s.b.a.o.j.JpaBaseConfiguration$JpaWebConfiguration - spring.jpa.open-in-view is enabled by default. Therefore, database queries may be performed during view rendering. Explicitly configure spring.jpa.open-in-view to disable this warning
2020-08-18 14:20:14.608 INFO  com.zaxxer.hikari.HikariDataSource - HikariPool-1 - Starting...
2020-08-18 14:20:15.014 INFO  com.zaxxer.hikari.HikariDataSource - HikariPool-1 - Start completed.
2020-08-18 14:20:15.047 INFO  org.hibernate.dialect.Dialect - HHH000400: Using dialect: org.hibernate.dialect.MySQL5InnoDBDialect
2020-08-18 14:20:15.864 INFO  o.h.e.t.j.p.i.JtaPlatformInitiator - HHH000490: Using JtaPlatform implementation: [org.hibernate.engine.transaction.jta.platform.internal.NoJtaPlatform]
2020-08-18 14:20:15.869 INFO  o.s.o.j.LocalContainerEntityManagerFactoryBean - Initialized JPA EntityManagerFactory for persistence unit 'default'
2020-08-18 14:20:16.167 INFO  o.s.b.a.e.web.EndpointLinksResolver - Exposing 13 endpoint(s) beneath base path '/monitor'
2020-08-18 14:20:16.233 INFO  s.d.s.w.PropertySourcedRequestMappingHandlerMapping - Mapped URL path [/v2/api-docs] onto method [springfox.documentation.swagger2.web.Swagger2Controller#getDocumentation(String, HttpServletRequest)]
2020-08-18 14:20:17.288 WARN  o.s.b.a.t.ThymeleafAutoConfiguration$DefaultTemplateResolverConfiguration - Cannot find template location: classpath:/templates/ (please add some templates or check your Thymeleaf configuration)
2020-08-18 14:20:17.427 INFO  o.a.coyote.http11.Http11NioProtocol - Starting ProtocolHandler ["http-nio-8082"]
2020-08-18 14:20:17.441 INFO  o.s.b.w.e.tomcat.TomcatWebServer - Tomcat started on port(s): 8082 (http) with context path ''
2020-08-18 14:20:17.442 INFO  s.d.s.w.p.DocumentationPluginsBootstrapper - Context refreshed
2020-08-18 14:20:17.488 INFO  s.d.s.w.p.DocumentationPluginsBootstrapper - Found 1 custom documentation plugin(s)
2020-08-18 14:20:17.542 INFO  s.d.s.w.s.ApiListingReferenceScanner - Scanning for api listing references
2020-08-18 14:20:17.839 INFO  o.s.d.r.c.DeferredRepositoryInitializationListener - Triggering deferred initialization of Spring Data repositories…
2020-08-18 14:20:17.922 INFO  o.s.d.r.c.DeferredRepositoryInitializationListener - Spring Data repositories initialized!
2020-08-18 14:20:17.932 INFO  a.g.spingdemo.SpingDemoApplication - Started SpingDemoApplication in 9.076 seconds (JVM running for 10.569)
2020-08-18 14:20:18.136 INFO  o.a.c.c.C.[Tomcat].[localhost].[/] - Initializing Spring DispatcherServlet 'dispatcherServlet'
2020-08-18 14:20:18.136 INFO  o.s.web.servlet.DispatcherServlet - Initializing Servlet 'dispatcherServlet'
2020-08-18 14:20:18.142 INFO  o.s.web.servlet.DispatcherServlet - Completed initialization in 6 ms
2020-08-18 14:21:10.357 INFO  a.g.spingdemo.aspect.LoggingAspect - Method:getAllUsers!
2020-08-18 14:21:16.944 INFO  a.g.spingdemo.aspect.LoggingAspect - Method:getUser!args:1!
2020-08-18 14:54:03.098 INFO  o.s.o.j.LocalContainerEntityManagerFactoryBean - Closing JPA EntityManagerFactory for persistence unit 'default'
2020-08-18 14:54:03.100 INFO  o.s.s.c.ThreadPoolTaskExecutor - Shutting down ExecutorService 'applicationTaskExecutor'
2020-08-18 14:54:03.101 INFO  com.zaxxer.hikari.HikariDataSource - HikariPool-1 - Shutdown initiated...
2020-08-18 14:54:03.106 INFO  com.zaxxer.hikari.HikariDataSource - HikariPool-1 - Shutdown completed.
2020-08-18 14:54:06.032 INFO  a.g.spingdemo.SpingDemoApplication - Starting SpingDemoApplication on Arsen with PID 12930 (/home/arsen/IdeaProjects/test_spring/sping-demo/target/classes started by arsen in /home/arsen/IdeaProjects/test_spring/sping-demo)
2020-08-18 14:54:06.034 INFO  a.g.spingdemo.SpingDemoApplication - No active profile set, falling back to default profiles: default
2020-08-18 14:54:06.762 INFO  o.s.d.r.c.RepositoryConfigurationDelegate - Bootstrapping Spring Data JPA repositories in DEFERRED mode.
2020-08-18 14:54:06.799 INFO  o.s.d.r.c.RepositoryConfigurationDelegate - Finished Spring Data repository scanning in 33ms. Found 2 JPA repository interfaces.
2020-08-18 14:54:07.164 INFO  o.s.b.w.e.tomcat.TomcatWebServer - Tomcat initialized with port(s): 8082 (http)
2020-08-18 14:54:07.168 INFO  o.a.coyote.http11.Http11NioProtocol - Initializing ProtocolHandler ["http-nio-8082"]
2020-08-18 14:54:07.169 INFO  o.a.catalina.core.StandardService - Starting service [Tomcat]
2020-08-18 14:54:07.169 INFO  o.a.catalina.core.StandardEngine - Starting Servlet engine: [Apache Tomcat/9.0.35]
2020-08-18 14:54:07.216 INFO  o.a.c.c.C.[Tomcat].[localhost].[/] - Initializing Spring embedded WebApplicationContext
2020-08-18 14:54:07.216 INFO  o.s.web.context.ContextLoader - Root WebApplicationContext: initialization completed in 1148 ms
2020-08-18 14:54:07.407 INFO  o.s.s.c.ThreadPoolTaskExecutor - Initializing ExecutorService 'applicationTaskExecutor'
2020-08-18 14:54:07.491 INFO  o.h.jpa.internal.util.LogHelper - HHH000204: Processing PersistenceUnitInfo [name: default]
2020-08-18 14:54:07.513 INFO  org.hibernate.Version - HHH000412: Hibernate ORM core version 5.4.15.Final
2020-08-18 14:54:07.571 INFO  o.h.annotations.common.Version - HCANN000001: Hibernate Commons Annotations {5.1.0.Final}
2020-08-18 14:54:07.624 INFO  com.zaxxer.hikari.HikariDataSource - HikariPool-1 - Starting...
2020-08-18 14:54:07.650 WARN  o.s.b.a.o.j.JpaBaseConfiguration$JpaWebConfiguration - spring.jpa.open-in-view is enabled by default. Therefore, database queries may be performed during view rendering. Explicitly configure spring.jpa.open-in-view to disable this warning
2020-08-18 14:54:07.792 INFO  com.zaxxer.hikari.HikariDataSource - HikariPool-1 - Start completed.
2020-08-18 14:54:07.798 INFO  org.hibernate.dialect.Dialect - HHH000400: Using dialect: org.hibernate.dialect.MySQL5InnoDBDialect
2020-08-18 14:54:08.059 INFO  o.h.e.t.j.p.i.JtaPlatformInitiator - HHH000490: Using JtaPlatform implementation: [org.hibernate.engine.transaction.jta.platform.internal.NoJtaPlatform]
2020-08-18 14:54:08.063 INFO  o.s.o.j.LocalContainerEntityManagerFactoryBean - Initialized JPA EntityManagerFactory for persistence unit 'default'
2020-08-18 14:54:08.263 INFO  o.s.b.a.e.web.EndpointLinksResolver - Exposing 13 endpoint(s) beneath base path '/monitor'
2020-08-18 14:54:08.312 INFO  s.d.s.w.PropertySourcedRequestMappingHandlerMapping - Mapped URL path [/v2/api-docs] onto method [springfox.documentation.swagger2.web.Swagger2Controller#getDocumentation(String, HttpServletRequest)]
2020-08-18 14:54:08.444 WARN  o.s.b.a.t.ThymeleafAutoConfiguration$DefaultTemplateResolverConfiguration - Cannot find template location: classpath:/templates/ (please add some templates or check your Thymeleaf configuration)
2020-08-18 14:54:08.538 INFO  o.a.coyote.http11.Http11NioProtocol - Starting ProtocolHandler ["http-nio-8082"]
2020-08-18 14:54:08.547 INFO  o.s.b.w.e.tomcat.TomcatWebServer - Tomcat started on port(s): 8082 (http) with context path ''
2020-08-18 14:54:08.548 INFO  s.d.s.w.p.DocumentationPluginsBootstrapper - Context refreshed
2020-08-18 14:54:08.555 INFO  s.d.s.w.p.DocumentationPluginsBootstrapper - Found 1 custom documentation plugin(s)
2020-08-18 14:54:08.583 INFO  s.d.s.w.s.ApiListingReferenceScanner - Scanning for api listing references
2020-08-18 14:54:08.759 INFO  o.s.d.r.c.DeferredRepositoryInitializationListener - Triggering deferred initialization of Spring Data repositories…
2020-08-18 14:54:08.827 INFO  o.s.d.r.c.DeferredRepositoryInitializationListener - Spring Data repositories initialized!
2020-08-18 14:54:08.836 INFO  a.g.spingdemo.SpingDemoApplication - Started SpingDemoApplication in 3.026 seconds (JVM running for 3.417)
2020-08-18 14:54:09.295 INFO  o.a.c.c.C.[Tomcat].[localhost].[/] - Initializing Spring DispatcherServlet 'dispatcherServlet'
2020-08-18 14:54:09.295 INFO  o.s.web.servlet.DispatcherServlet - Initializing Servlet 'dispatcherServlet'
2020-08-18 14:54:09.302 INFO  o.s.web.servlet.DispatcherServlet - Completed initialization in 7 ms
2020-08-18 14:54:52.530 INFO  o.s.o.j.LocalContainerEntityManagerFactoryBean - Closing JPA EntityManagerFactory for persistence unit 'default'
2020-08-18 14:54:52.532 INFO  o.s.s.c.ThreadPoolTaskExecutor - Shutting down ExecutorService 'applicationTaskExecutor'
2020-08-18 14:54:52.532 INFO  com.zaxxer.hikari.HikariDataSource - HikariPool-1 - Shutdown initiated...
2020-08-18 14:54:52.535 INFO  com.zaxxer.hikari.HikariDataSource - HikariPool-1 - Shutdown completed.
2020-08-18 14:54:55.333 INFO  a.g.spingdemo.SpingDemoApplication - Starting SpingDemoApplication on Arsen with PID 13381 (/home/arsen/IdeaProjects/test_spring/sping-demo/target/classes started by arsen in /home/arsen/IdeaProjects/test_spring/sping-demo)
2020-08-18 14:54:55.335 INFO  a.g.spingdemo.SpingDemoApplication - No active profile set, falling back to default profiles: default
2020-08-18 14:54:56.112 INFO  o.s.d.r.c.RepositoryConfigurationDelegate - Bootstrapping Spring Data JPA repositories in DEFERRED mode.
2020-08-18 14:54:56.150 INFO  o.s.d.r.c.RepositoryConfigurationDelegate - Finished Spring Data repository scanning in 33ms. Found 2 JPA repository interfaces.
2020-08-18 14:54:56.542 INFO  o.s.b.w.e.tomcat.TomcatWebServer - Tomcat initialized with port(s): 8082 (http)
2020-08-18 14:54:56.547 INFO  o.a.coyote.http11.Http11NioProtocol - Initializing ProtocolHandler ["http-nio-8082"]
2020-08-18 14:54:56.547 INFO  o.a.catalina.core.StandardService - Starting service [Tomcat]
2020-08-18 14:54:56.547 INFO  o.a.catalina.core.StandardEngine - Starting Servlet engine: [Apache Tomcat/9.0.35]
2020-08-18 14:54:56.597 INFO  o.a.c.c.C.[Tomcat].[localhost].[/] - Initializing Spring embedded WebApplicationContext
2020-08-18 14:54:56.597 INFO  o.s.web.context.ContextLoader - Root WebApplicationContext: initialization completed in 1227 ms
2020-08-18 14:54:56.801 INFO  o.s.s.c.ThreadPoolTaskExecutor - Initializing ExecutorService 'applicationTaskExecutor'
2020-08-18 14:54:56.893 INFO  o.h.jpa.internal.util.LogHelper - HHH000204: Processing PersistenceUnitInfo [name: default]
2020-08-18 14:54:56.917 INFO  org.hibernate.Version - HHH000412: Hibernate ORM core version 5.4.15.Final
2020-08-18 14:54:56.981 INFO  o.h.annotations.common.Version - HCANN000001: Hibernate Commons Annotations {5.1.0.Final}
2020-08-18 14:54:57.028 INFO  com.zaxxer.hikari.HikariDataSource - HikariPool-1 - Starting...
2020-08-18 14:54:57.049 WARN  o.s.b.a.o.j.JpaBaseConfiguration$JpaWebConfiguration - spring.jpa.open-in-view is enabled by default. Therefore, database queries may be performed during view rendering. Explicitly configure spring.jpa.open-in-view to disable this warning
2020-08-18 14:54:57.217 INFO  com.zaxxer.hikari.HikariDataSource - HikariPool-1 - Start completed.
2020-08-18 14:54:57.225 INFO  org.hibernate.dialect.Dialect - HHH000400: Using dialect: org.hibernate.dialect.MySQL5InnoDBDialect
2020-08-18 14:54:57.526 INFO  o.h.e.t.j.p.i.JtaPlatformInitiator - HHH000490: Using JtaPlatform implementation: [org.hibernate.engine.transaction.jta.platform.internal.NoJtaPlatform]
2020-08-18 14:54:57.530 INFO  o.s.o.j.LocalContainerEntityManagerFactoryBean - Initialized JPA EntityManagerFactory for persistence unit 'default'
2020-08-18 14:54:57.723 INFO  o.s.b.a.e.web.EndpointLinksResolver - Exposing 13 endpoint(s) beneath base path '/monitor'
2020-08-18 14:54:57.773 INFO  s.d.s.w.PropertySourcedRequestMappingHandlerMapping - Mapped URL path [/v2/api-docs] onto method [springfox.documentation.swagger2.web.Swagger2Controller#getDocumentation(String, HttpServletRequest)]
2020-08-18 14:54:57.996 WARN  o.s.b.a.t.ThymeleafAutoConfiguration$DefaultTemplateResolverConfiguration - Cannot find template location: classpath:/templates/ (please add some templates or check your Thymeleaf configuration)
2020-08-18 14:54:58.104 INFO  o.a.coyote.http11.Http11NioProtocol - Starting ProtocolHandler ["http-nio-8082"]
2020-08-18 14:54:58.113 INFO  o.s.b.w.e.tomcat.TomcatWebServer - Tomcat started on port(s): 8082 (http) with context path ''
2020-08-18 14:54:58.114 INFO  s.d.s.w.p.DocumentationPluginsBootstrapper - Context refreshed
2020-08-18 14:54:58.122 INFO  s.d.s.w.p.DocumentationPluginsBootstrapper - Found 1 custom documentation plugin(s)
2020-08-18 14:54:58.154 INFO  s.d.s.w.s.ApiListingReferenceScanner - Scanning for api listing references
2020-08-18 14:54:58.360 INFO  o.s.d.r.c.DeferredRepositoryInitializationListener - Triggering deferred initialization of Spring Data repositories…
2020-08-18 14:54:58.442 INFO  o.s.d.r.c.DeferredRepositoryInitializationListener - Spring Data repositories initialized!
2020-08-18 14:54:58.451 INFO  a.g.spingdemo.SpingDemoApplication - Started SpingDemoApplication in 3.344 seconds (JVM running for 3.759)
2020-08-18 14:54:58.980 INFO  o.a.c.c.C.[Tomcat].[localhost].[/] - Initializing Spring DispatcherServlet 'dispatcherServlet'
2020-08-18 14:54:58.980 INFO  o.s.web.servlet.DispatcherServlet - Initializing Servlet 'dispatcherServlet'
2020-08-18 14:54:58.985 INFO  o.s.web.servlet.DispatcherServlet - Completed initialization in 5 ms
2020-08-18 14:56:44.653 INFO  a.g.spingdemo.aspect.LoggingAspect - Method:getUser!args:1!
2020-08-18 14:56:47.528 INFO  a.g.spingdemo.aspect.LoggingAspect - Method:getUser!args:1!
2020-08-18 14:56:57.611 INFO  a.g.spingdemo.aspect.LoggingAspect - Method:getUser!args:1!
2020-08-18 15:00:14.415 INFO  a.g.spingdemo.aspect.LoggingAspect - Method:getUser!args:1!
2020-08-18 15:00:16.236 INFO  a.g.spingdemo.aspect.LoggingAspect - Method:getUser!args:1!
2020-08-18 15:00:44.513 INFO  a.g.spingdemo.aspect.LoggingAspect - Method:getUser!args:1!
2020-08-18 15:01:39.330 INFO  a.g.spingdemo.aspect.LoggingAspect - Method:getUser!args:1!
2020-08-18 15:03:00.970 INFO  a.g.spingdemo.aspect.LoggingAspect - Method:getUser!args:1!
2020-08-18 15:07:48.558 INFO  a.g.spingdemo.aspect.LoggingAspect - Method:getUser!args:1!
2020-08-18 15:08:56.400 INFO  a.g.spingdemo.aspect.LoggingAspect - Method:getUser!args:1!
2020-08-18 15:09:34.138 INFO  a.g.spingdemo.aspect.LoggingAspect - Method:getUser!args:1!
2020-08-18 15:15:12.751 INFO  a.g.spingdemo.aspect.LoggingAspect - Method:getUser!args:1!
2020-08-18 15:15:16.433 INFO  a.g.spingdemo.aspect.LoggingAspect - Method:getUser!args:1!
2020-08-18 15:15:52.994 INFO  a.g.spingdemo.aspect.LoggingAspect - Method:getUser!args:1!
2020-08-18 15:17:12.100 INFO  a.g.spingdemo.aspect.LoggingAspect - Method:getUser!args:1!
2020-08-18 15:17:15.288 INFO  a.g.spingdemo.aspect.LoggingAspect - Method:getUser!args:1!
2020-08-18 15:18:42.032 INFO  a.g.spingdemo.aspect.LoggingAspect - Method:getUser!args:1!
2020-08-18 15:18:45.237 INFO  a.g.spingdemo.aspect.LoggingAspect - Method:getUser!args:2!
2020-08-18 15:18:48.590 INFO  a.g.spingdemo.aspect.LoggingAspect - Method:getUser!args:4!
2020-08-18 15:18:52.690 INFO  a.g.spingdemo.aspect.LoggingAspect - Method:getUser!args:5!
2020-08-18 15:19:05.944 INFO  a.g.spingdemo.aspect.LoggingAspect - Method:getAllUsers!
2020-08-18 16:51:38.846 INFO  o.s.o.j.LocalContainerEntityManagerFactoryBean - Closing JPA EntityManagerFactory for persistence unit 'default'
2020-08-18 16:51:38.847 INFO  o.s.s.c.ThreadPoolTaskExecutor - Shutting down ExecutorService 'applicationTaskExecutor'
2020-08-18 16:51:38.848 INFO  com.zaxxer.hikari.HikariDataSource - HikariPool-1 - Shutdown initiated...
2020-08-18 16:51:38.851 INFO  com.zaxxer.hikari.HikariDataSource - HikariPool-1 - Shutdown completed.
